warning: Tag 'TCL_SUBST' at line 281 of file 'Doxyfile' has become obsolete.
         To avoid this warning please remove this line from your configuration file or upgrade it using "doxygen -u"
warning: Tag 'CLANG_ASSISTED_PARSING' at line 1068 of file 'Doxyfile' belongs to an option that was not enabled at compile time.
         To avoid this warning please remove this line from your configuration file or upgrade it using "doxygen -u", or recompile doxygen with this feature enabled.
warning: Tag 'CLANG_OPTIONS' at line 1076 of file 'Doxyfile' belongs to an option that was not enabled at compile time.
         To avoid this warning please remove this line from your configuration file or upgrade it using "doxygen -u", or recompile doxygen with this feature enabled.
warning: Tag 'PERL_PATH' at line 2160 of file 'Doxyfile' has become obsolete.
         To avoid this warning please remove this line from your configuration file or upgrade it using "doxygen -u"
warning: Tag 'MSCGEN_PATH' at line 2182 of file 'Doxyfile' has become obsolete.
         To avoid this warning please remove this line from your configuration file or upgrade it using "doxygen -u"
sh: dot: command not found
sh: dot: command not found
sh: dot: command not found
sh: dot: command not found
sh: dot: command not found
sh: dot: command not found
sh: dot: command not found
sh: dot: command not found
sh: dot: command not found
sh: dot: command not found
sh: dot: command not found
sh: dot: command not found
sh: dot: command not found
sh: dot: command not found
sh: dot: command not found
sh: dot: command not found
sh: dot: command not found
sh: dot: command not found
sh: dot: command not found
sh: dot: command not found
sh: dot: command not found
sh: dot: command not found
sh: dot: command not found
sh: dot: command not found
sh: dot: command not found
sh: dot: command not found
sh: dot: command not found
sh: dot: command not found
sh: dot: command not found
sh: dot: command not found
sh: dot: command not found
sh: dot: command not found
sh: dot: command not found
sh: dot: command not found
sh: dot: command not found
sh: dot: command not found
sh: dot: command not found
sh: dot: command not found
sh: dot: command not found
sh: dot: command not found
sh: dot: command not found
sh: dot: command not found
sh: dot: command not found
sh: dot: command not found
sh: dot: command not found
sh: dot: command not found
sh: dot: command not found
sh: dot: command not found
sh: dot: command not found
sh: dot: command not found
sh: dot: command not found
sh: dot: command not found
sh: dot: command not found
sh: dot: command not found
sh: dot: command not found
sh: dot: command not found
sh: dot: command not found
sh: dot: command not found
sh: dot: command not found
sh: dot: command not found
sh: dot: command not found
sh: dot: command not found
sh: dot: command not found
sh: dot: command not found
sh: dot: command not found
sh: dot: command not found
sh: dot: command not found
sh: dot: command not found
sh: dot: command not found
sh: dot: command not found
sh: dot: command not found
sh: dot: command not found
sh: dot: command not found
sh: dot: command not found
sh: dot: command not found
sh: dot: command not found
sh: dot: command not found
sh: dot: command not found
sh: dot: command not found
sh: dot: command not found
sh: dot: command not found
sh: dot: command not found
sh: dot: command not found
sh: dot: command not found
sh: dot: command not found
sh: dot: command not found
sh: dot: command not found
sh: dot: command not found
sh: dot: command not found
sh: dot: command not found
sh: dot: command not found
sh: dot: command not found
sh: dot: command not found
sh: dot: command not found
sh: dot: command not found
sh: dot: command not found
sh: dot: command not found
sh: dot: command not found
sh: dot: command not found
sh: dot: command not found
sh: dot: command not found
sh: dot: command not found
sh: dot: command not found
sh: dot: command not found
sh: dot: command not found
sh: dot: command not found
sh: dot: command not found
sh: dot: command not found
sh: dot: command not found
sh: dot: command not found
sh: dot: command not found
sh: dot: command not found
sh: dot: command not found
sh: dot: command not found
sh: dot: command not found
sh: dot: command not found
sh: dot: command not found
sh: dot: command not found
sh: dot: command not found
sh: dot: command not found
sh: dot: command not found
sh: dot: command not found
sh: dot: command not found
Doxygen version used: 1.8.18 (a1feee17d60154f5cca19d1a7fe7a69f77ee026d*)
Searching for include files...
Searching for example files...
Searching for images...
Searching for dot files...
Searching for msc files...
Searching for dia files...
Searching for files to exclude
Searching INPUT for files to process...
Searching for files in directory /cygdrive/c/tmp_workspace/lab2_v2/erika/doc/manual
Searching for files in directory /cygdrive/c/tmp_workspace/lab2_v2/erika/inc
Reading and parsing tag files
Parsing files
Preprocessing /cygdrive/c/tmp_workspace/lab2_v2/erika/doc/manual/index.dox...
Parsing file /cygdrive/c/tmp_workspace/lab2_v2/erika/doc/manual/index.dox...
Preprocessing /cygdrive/c/tmp_workspace/lab2_v2/erika/inc/ee.h...
Parsing file /cygdrive/c/tmp_workspace/lab2_v2/erika/inc/ee.h...
Preprocessing /cygdrive/c/tmp_workspace/lab2_v2/erika/inc/ee_api.h...
Parsing file /cygdrive/c/tmp_workspace/lab2_v2/erika/inc/ee_api.h...
Preprocessing /cygdrive/c/tmp_workspace/lab2_v2/erika/inc/ee_api_types.h...
Parsing file /cygdrive/c/tmp_workspace/lab2_v2/erika/inc/ee_api_types.h...
Preprocessing /cygdrive/c/tmp_workspace/lab2_v2/erika/inc/ee_arch_compiler_gcc.h...
Parsing file /cygdrive/c/tmp_workspace/lab2_v2/erika/inc/ee_arch_compiler_gcc.h...
Preprocessing /cygdrive/c/tmp_workspace/lab2_v2/erika/inc/ee_arch_override.h...
Parsing file /cygdrive/c/tmp_workspace/lab2_v2/erika/inc/ee_arch_override.h...
Preprocessing /cygdrive/c/tmp_workspace/lab2_v2/erika/inc/ee_avr8_compiler.h...
Parsing file /cygdrive/c/tmp_workspace/lab2_v2/erika/inc/ee_avr8_compiler.h...
Preprocessing /cygdrive/c/tmp_workspace/lab2_v2/erika/inc/ee_avr8_irq.h...
Parsing file /cygdrive/c/tmp_workspace/lab2_v2/erika/inc/ee_avr8_irq.h...
Preprocessing /cygdrive/c/tmp_workspace/lab2_v2/erika/inc/ee_avr8_irqstub.h...
Parsing file /cygdrive/c/tmp_workspace/lab2_v2/erika/inc/ee_avr8_irqstub.h...
Preprocessing /cygdrive/c/tmp_workspace/lab2_v2/erika/inc/ee_avr8_utils.h...
Parsing file /cygdrive/c/tmp_workspace/lab2_v2/erika/inc/ee_avr8_utils.h...
Preprocessing /cygdrive/c/tmp_workspace/lab2_v2/erika/inc/ee_cfg.h...
Parsing file /cygdrive/c/tmp_workspace/lab2_v2/erika/inc/ee_cfg.h...
Preprocessing /cygdrive/c/tmp_workspace/lab2_v2/erika/inc/ee_compiler.h...
Parsing file /cygdrive/c/tmp_workspace/lab2_v2/erika/inc/ee_compiler.h...
Preprocessing /cygdrive/c/tmp_workspace/lab2_v2/erika/inc/ee_compiler_cfg.h...
Parsing file /cygdrive/c/tmp_workspace/lab2_v2/erika/inc/ee_compiler_cfg.h...
Preprocessing /cygdrive/c/tmp_workspace/lab2_v2/erika/inc/ee_compiler_gcc.h...
Parsing file /cygdrive/c/tmp_workspace/lab2_v2/erika/inc/ee_compiler_gcc.h...
Preprocessing /cygdrive/c/tmp_workspace/lab2_v2/erika/inc/ee_conf.h...
Parsing file /cygdrive/c/tmp_workspace/lab2_v2/erika/inc/ee_conf.h...
Preprocessing /cygdrive/c/tmp_workspace/lab2_v2/erika/inc/ee_get_kernel_and_core.h...
Parsing file /cygdrive/c/tmp_workspace/lab2_v2/erika/inc/ee_get_kernel_and_core.h...
Preprocessing /cygdrive/c/tmp_workspace/lab2_v2/erika/inc/ee_hal.h...
Parsing file /cygdrive/c/tmp_workspace/lab2_v2/erika/inc/ee_hal.h...
Preprocessing /cygdrive/c/tmp_workspace/lab2_v2/erika/inc/ee_hal_internal_types.h...
Parsing file /cygdrive/c/tmp_workspace/lab2_v2/erika/inc/ee_hal_internal_types.h...
Preprocessing /cygdrive/c/tmp_workspace/lab2_v2/erika/inc/ee_kernel_types.h...
Parsing file /cygdrive/c/tmp_workspace/lab2_v2/erika/inc/ee_kernel_types.h...
Preprocessing /cygdrive/c/tmp_workspace/lab2_v2/erika/inc/ee_mcu_common_types.h...
Parsing file /cygdrive/c/tmp_workspace/lab2_v2/erika/inc/ee_mcu_common_types.h...
Preprocessing /cygdrive/c/tmp_workspace/lab2_v2/erika/inc/ee_oo_api_dynamic.h...
Parsing file /cygdrive/c/tmp_workspace/lab2_v2/erika/inc/ee_oo_api_dynamic.h...
Preprocessing /cygdrive/c/tmp_workspace/lab2_v2/erika/inc/ee_oo_api_extension.h...
Parsing file /cygdrive/c/tmp_workspace/lab2_v2/erika/inc/ee_oo_api_extension.h...
Preprocessing /cygdrive/c/tmp_workspace/lab2_v2/erika/inc/ee_oo_api_osek.h...
Parsing file /cygdrive/c/tmp_workspace/lab2_v2/erika/inc/ee_oo_api_osek.h...
Preprocessing /cygdrive/c/tmp_workspace/lab2_v2/erika/inc/ee_oscfg.h...
Parsing file /cygdrive/c/tmp_workspace/lab2_v2/erika/inc/ee_oscfg.h...
Preprocessing /cygdrive/c/tmp_workspace/lab2_v2/erika/inc/ee_platform_types.h...
Parsing file /cygdrive/c/tmp_workspace/lab2_v2/erika/inc/ee_platform_types.h...
Preprocessing /cygdrive/c/tmp_workspace/lab2_v2/erika/inc/ee_scheduler_types.h...
Parsing file /cygdrive/c/tmp_workspace/lab2_v2/erika/inc/ee_scheduler_types.h...
Preprocessing /cygdrive/c/tmp_workspace/lab2_v2/erika/inc/ee_utils.h...
Parsing file /cygdrive/c/tmp_workspace/lab2_v2/erika/inc/ee_utils.h...
Building group list...
Building directory list...
Building namespace list...
Building file list...
Building class list...
Computing nesting relations for classes...
Associating documentation with classes...
Building example list...
Searching for enumerations...
Searching for documented typedefs...
Searching for members imported via using declarations...
Searching for included using directives...
Searching for documented variables...
Building interface member list...
Building member list...
Searching for friends...
Searching for documented defines...
Computing class inheritance relations...
Computing class usage relations...
Flushing cached template relations that have become invalid...
Computing class relations...
Add enum values to enums...
Searching for member function documentation...
Creating members for template instances...
Building page list...
Search for main page...
Computing page relations...
Determining the scope of groups...
Sorting lists...
Determining which enums are documented
Computing member relations...
Building full member lists recursively...
Adding members to member groups.
Computing member references...
Inheriting documentation...
Generating disk names...
Adding source references...
Adding xrefitems...
Sorting member lists...
Setting anonymous enum type...
Computing dependencies between directories...
Generating citations page...
Counting members...
Counting data structures...
Resolving user defined references...
Finding anchors and sections in the documentation...
Transferring function references...
Combining using relations...
Adding members to index pages...
Correcting members for VHDL...
Generating style sheet...
Generating search indices...
Generating example documentation...
Generating file sources...
Parsing code for file doc/manual/index.dox...
Parsing code for file inc/ee.h...
Parsing code for file inc/ee_api.h...
Parsing code for file inc/ee_api_types.h...
Parsing code for file inc/ee_arch_compiler_gcc.h...
Parsing code for file inc/ee_arch_override.h...
Parsing code for file inc/ee_avr8_compiler.h...
Parsing code for file inc/ee_avr8_irq.h...
Parsing code for file inc/ee_avr8_irqstub.h...
Parsing code for file inc/ee_avr8_utils.h...
Parsing code for file inc/ee_cfg.h...
Parsing code for file inc/ee_compiler.h...
Parsing code for file inc/ee_compiler_cfg.h...
Parsing code for file inc/ee_compiler_gcc.h...
Parsing code for file inc/ee_conf.h...
Parsing code for file inc/ee_get_kernel_and_core.h...
Parsing code for file inc/ee_hal.h...
Parsing code for file inc/ee_hal_internal_types.h...
Parsing code for file inc/ee_kernel_types.h...
Parsing code for file inc/ee_mcu_common_types.h...
Parsing code for file inc/ee_oo_api_dynamic.h...
Parsing code for file inc/ee_oo_api_extension.h...
Parsing code for file inc/ee_oo_api_osek.h...
Parsing code for file inc/ee_oscfg.h...
Parsing code for file inc/ee_platform_types.h...
Parsing code for file inc/ee_scheduler_types.h...
Parsing code for file inc/ee_utils.h...
Generating file documentation...
Generating docs for file inc/ee.h...
Generating docs for file inc/ee_api.h...
Generating docs for file inc/ee_api_types.h...
Generating docs for file inc/ee_arch_compiler_gcc.h...
Generating docs for file inc/ee_arch_override.h...
Generating docs for file inc/ee_avr8_compiler.h...
Generating docs for file inc/ee_avr8_irq.h...
Generating docs for file inc/ee_avr8_irqstub.h...
Generating docs for file inc/ee_avr8_utils.h...
Generating docs for file inc/ee_cfg.h...
Generating docs for file inc/ee_compiler.h...
Generating docs for file inc/ee_compiler_cfg.h...
Generating docs for file inc/ee_compiler_gcc.h...
Generating docs for file inc/ee_conf.h...
Generating docs for file inc/ee_get_kernel_and_core.h...
Generating docs for file inc/ee_hal.h...
Generating docs for file inc/ee_kernel_types.h...
Generating docs for file inc/ee_mcu_common_types.h...
Generating docs for file inc/ee_oo_api_dynamic.h...
Generating docs for file inc/ee_oo_api_extension.h...
Generating docs for file inc/ee_oo_api_osek.h...
Generating docs for file inc/ee_platform_types.h...
Generating docs for file inc/ee_scheduler_types.h...
Generating page documentation...
Generating docs for page intro...
Generating docs for page implemented-standards...
Generating docs for page scheduler...
Generating docs for page system-init...
Generating docs for page task-types...
Generating docs for page stack-sharing...
Generating docs for page irq...
Generating docs for page resources...
Generating docs for page multicore...
Generating docs for page apireference...
Generating docs for page orti...
Generating group documentation...
Generating class documentation...
Generating docs for compound AlarmBaseType...
Generating docs for compound OsEE_action...
Generating docs for compound OsEE_action_param...
Generating docs for compound OsEE_AlarmCB_tag...
Generating docs for compound OsEE_AlarmDB_tag...
Generating docs for compound OsEE_api_param...
Generating docs for compound OsEE_CCB...
Generating docs for compound OsEE_CDB...
Generating docs for compound OsEE_CounterCB...
Generating docs for compound OsEE_CounterDB...
Generating docs for compound OsEE_CTX_tag...
Generating docs for compound OsEE_HDB_tag...
Generating docs for compound OsEE_KCB...
Generating docs for compound OsEE_KDB...
Generating docs for compound OsEE_MCB...
Generating docs for compound OsEE_MDB_tag...
Generating docs for compound OsEE_SCB_tag...
Generating docs for compound OsEE_SchedTabCB_tag...
Generating docs for compound OsEE_SchedTabDB_tag...
Generating docs for compound OsEE_SDB_tag...
Generating docs for compound OsEE_sem_tag...
Generating docs for compound OsEE_SN_tag...
Generating docs for compound OsEE_st_exipiry_point_tag...
Generating docs for compound OsEE_TCB...
Generating docs for compound OsEE_TDB_tag...
Generating docs for compound OsEE_TriggerCB...
Generating docs for compound OsEE_TriggerDB_tag...
Generating docs for compound OsEE_TW...
Generating namespace index...
Generating graph info page...
Generating directory documentation...
Generating index page...
Generating page index...
Generating module index...
Generating namespace index...
Generating namespace member index...
Generating annotated compound index...
Generating alphabetical compound index...
Generating hierarchical class index...
Generating graphical class hierarchy...
Generating member index...
Generating file index...
Generating file member index...
Generating example index...
finalizing index lists...
writing tag file...
Running plantuml with JAVA...
Running dot...
Generating dot graphs using 7 parallel threads...
Running dot for graph 1/123
Running dot for graph 2/123
Running dot for graph 3/123
Running dot for graph 4/123
Running dot for graph 5/123
Running dot for graph 6/123
Running dot for graph 7/123
Running dot for graph 8/123
Running dot for graph 9/123
Running dot for graph 10/123
Running dot for graph 11/123
Running dot for graph 12/123
Running dot for graph 13/123
Running dot for graph 14/123
Running dot for graph 15/123
Running dot for graph 16/123
Running dot for graph 17/123
Running dot for graph 18/123
Running dot for graph 19/123
Running dot for graph 20/123
Running dot for graph 21/123
Running dot for graph 22/123
Running dot for graph 23/123
Running dot for graph 24/123
Running dot for graph 25/123
Running dot for graph 26/123
Running dot for graph 27/123
Running dot for graph 28/123
Running dot for graph 29/123
Running dot for graph 30/123
Running dot for graph 31/123
Running dot for graph 32/123
Running dot for graph 33/123
Running dot for graph 34/123
Running dot for graph 35/123
Running dot for graph 36/123
Running dot for graph 37/123
Running dot for graph 38/123
Running dot for graph 39/123
Running dot for graph 40/123
Running dot for graph 41/123
Running dot for graph 42/123
Running dot for graph 43/123
Running dot for graph 44/123
Running dot for graph 45/123
Running dot for graph 46/123
Running dot for graph 47/123
Running dot for graph 48/123
Running dot for graph 49/123
Running dot for graph 50/123
Running dot for graph 51/123
Running dot for graph 52/123
Running dot for graph 53/123
Running dot for graph 54/123
Running dot for graph 55/123
Running dot for graph 56/123
Running dot for graph 57/123
Running dot for graph 58/123
Running dot for graph 59/123
Running dot for graph 60/123
Running dot for graph 61/123
Running dot for graph 62/123
Running dot for graph 63/123
Running dot for graph 64/123
Running dot for graph 65/123
Running dot for graph 66/123
Running dot for graph 67/123
Running dot for graph 68/123
Running dot for graph 69/123
Running dot for graph 70/123
Running dot for graph 71/123
Running dot for graph 72/123
Running dot for graph 73/123
Running dot for graph 74/123
Running dot for graph 75/123
Running dot for graph 76/123
Running dot for graph 77/123
Running dot for graph 78/123
Running dot for graph 79/123
Running dot for graph 80/123
Running dot for graph 81/123
Running dot for graph 82/123
Running dot for graph 83/123
Running dot for graph 84/123
Running dot for graph 85/123
Running dot for graph 86/123
Running dot for graph 87/123
Running dot for graph 88/123
Running dot for graph 89/123
Running dot for graph 90/123
Running dot for graph 91/123
Running dot for graph 92/123
Running dot for graph 93/123
Running dot for graph 94/123
Running dot for graph 95/123
Running dot for graph 96/123
Running dot for graph 97/123
Running dot for graph 98/123
Running dot for graph 99/123
Running dot for graph 100/123
Running dot for graph 101/123
Running dot for graph 102/123
Running dot for graph 103/123
Running dot for graph 104/123
Running dot for graph 105/123
Running dot for graph 106/123
Running dot for graph 107/123
Running dot for graph 108/123
Running dot for graph 109/123
Running dot for graph 110/123
Running dot for graph 111/123
Running dot for graph 112/123
Running dot for graph 113/123
Running dot for graph 114/123
Running dot for graph 115/123
Running dot for graph 116/123
Running dot for graph 117/123
Running dot for graph 118/123
Running dot for graph 119/123
Running dot for graph 120/123
Running dot for graph 121/123
Running dot for graph 122/123
Running dot for graph 123/123
Patching output file 1/90
Patching output file 2/90
Patching output file 3/90
Patching output file 4/90
Patching output file 5/90
Patching output file 6/90
Patching output file 7/90
Patching output file 8/90
Patching output file 9/90
Patching output file 10/90
Patching output file 11/90
Patching output file 12/90
Patching output file 13/90
Patching output file 14/90
Patching output file 15/90
Patching output file 16/90
Patching output file 17/90
Patching output file 18/90
Patching output file 19/90
Patching output file 20/90
Patching output file 21/90
Patching output file 22/90
Patching output file 23/90
Patching output file 24/90
Patching output file 25/90
Patching output file 26/90
Patching output file 27/90
Patching output file 28/90
Patching output file 29/90
Patching output file 30/90
Patching output file 31/90
Patching output file 32/90
Patching output file 33/90
Patching output file 34/90
Patching output file 35/90
Patching output file 36/90
Patching output file 37/90
Patching output file 38/90
Patching output file 39/90
Patching output file 40/90
Patching output file 41/90
Patching output file 42/90
Patching output file 43/90
Patching output file 44/90
Patching output file 45/90
Patching output file 46/90
lookup cache used 790/65536 hits=3862 misses=859
finished...
